#	SHIFT #034
#	ACHILLES K-12859
==================================================================
##	[PROMPT ID: 794]
	what does this graph tell us about the three sectors of the workforce in the UK economy. please comment on each sector and what the graph is telling us about it.

###	[RESPONSE A]

	UK Labor Force Distribution Across Sectors (1841 - 2011)

Agriculture and Fishing:

    In 1841, over 20% of the workforce was engaged in this sector.
    By 2011, it had declined to just above 1%.
    This continuous decrease reflects the impact of technology on agricultural efficiency, requiring fewer workers.
    It also signifies the UK's transition towards industrialization and later, a service-based economy.

Manufacturing:

    Until 1961, this sector maintained a stable share of approximately 35-40%.
    After 1961, a significant decline began, reaching less than 10% by 2011.
    Reasons for the decline likely include:
        Increased global competition
        Manufacturing automation
        Growth of the service sector
        Transition to a post-industrial economy with job outsourcing and reduced need for manual labor

Services:

    From under 40% in 1841, the services sector steadily rose, surpassing manufacturing around 1951.
    By 2011, it accounted for over 80% of the UK workforce.
    This signifies the UK's shift towards a service-based economy driven by sectors like finance, retail, technology, and other service-oriented industries.
    The rise aligns with broader economic trends in industrialized nations, reflecting increased demand for services such as healthcare, education, finance, and entertainment.
    
### [RESPONSE B]

	disclaimer: This information is based on the information within the image and is not a personal opinion or belief.

	The graph shows the percentage of the labor force working in each sector of the economy from 1841 to 2011.

	The graph shows that the agricultural and fishing sector has declined significantly over the past two centuries, from over 20% of the labor force in 1841 to just over 1% in 2011. This is likely due to mechanization and increased efficiency in the agricultural sector, as well as the growth of other sectors of the economy.

	The manufacturing sector remained relatively stable until 1961, where it drastically plummeted.

	The services sector has grown significantly over the past two centuries, from less than 40% of the labor force in 1841 to over 80% in 2011. This is likely due to the growth of the services sector in the UK, as well as the decline of other sectors of the economy.

### [ANNOTATION]
	The prompt refers to an accompanying line graph that represents the distribution of the British labor force across three major industries. Namely, this figure indicates that, between the years 1841 and 2011, jobs in "Services" largely supplanted those in agriculture, fishing, and manufacturing. Importantly, we note that the steady, protracted declination of employment rates in agriculture and fishing across the 170 year period coincide with the transition of jobs from manufacturing to services.
	In RESPONSE A, the model provides a well-written delineation of the major insights, making excellent use of formatting/styling in presenting the text. (Including a first-level header was an especially nice touch in my opinion.) Here, the model has organized the contents of its outline by industrial sector, a suitable choice given the data reprsented in the prompt's accompanying graph.
	RESPONSE B, on the other hand, sees the model eschew its attention to the visual elements it seemes so well to appreciate in RESPONSE A. Here instead, the model provides to the reader no visual cues, so excising the key details from the bulk of the text quickly becomes a tedious undertaking. Additionally, the boilerplate disclaimer seems unnecessary, since, after all, statistics do not lie.

==================================================================
