#	SHIFT #038
##	ACHILLES T-13342
###	SINGLE-SIDED INSTRUCTION-FOLLOWING EVALUATION
=====================================================================================
1.) PROMPT ID: 247

[USER]
Explain the concept of probability using a practical example, such as the probability of rolling a specific number on a fair six-sided die, and provide step-by-step reasoning to calculate the probability.

------------------------------------------------------------------------------------

[MODEL]
Probability and Rolling Dice

Imagine you have a fair six-sided die (each face has an equal chance of landing face-up). Let's say you want to figure out the probability of rolling a 4.

Probability is a way to measure how likely an event is to happen. It's expressed as a number between 0 (impossible) and 1 (certain).

Step-by-Step Calculation:

    Count Favorable Outcomes: These are the outcomes that match what you are looking for. In this case, rolling a 4 is the only favorable outcome because there is only one "4" on the die.

    Count Total Possible Outcomes: This is the total number of results that can happen. When rolling a die, there are six possibilities: 1, 2, 3, 4, 5, and 6.

    Calculate Probability: Divide the number of favorable outcomes by the number of total possible outcomes.

Probability = (Number of Favorable Outcomes) / (Total Number of Possible Outcomes)

So, for rolling a 4:

Probability = 1 (favorable outcome: the number 4) / 6 (total possible outcomes) = 1/6

Interpretation:

The probability of rolling a 4 on a fair six-sided die is 1/6. This can also be expressed as approximately 0.1667 or 16.67%. This means that if you were to roll the die many times, you would expect to roll a 4 about one out of every six rolls on average.

------------------------------------------------------------------------------------

[ANNOTATION]
Here, the model provides an excellent primer on the principles underlying *probability*, a fundamental concept in statistics. The user has instructed the model to delineate the procedure by which one properly calculates the probability that a random event will yield some chosen outcome, specifying that the response should use a fair, six-sided die as its principal exemplification. In this way, the model's response fully complies with the user request; it is ideal.

In this interaction, the model has strictly addressed all aspects of the prompt,
completely fulfilling the user's request. To explicate, let's examine the
components of each:

####	**The Prompt**
		The user specifies that the model's response should comply with the
		following directives:
		  
			1. "Explain the concept of probability..."
			2. "...[Use] a practical example, such as the probability of rolling a
				specific number on a fair six-sided die..."
			3. "...[P]rovide step-by-step reasoning to calculate the probability."

####	**The Response**
		The model's response satisfies each requirement thus:

			A. "Probability is a way to measure how likely an event is to happen.
				It's expressed as a number between 0 (impossible) and 1 (certain)."
				
				- This excerpt satisfies (1).
				
			B. "Imagine you have a fair six-sided die (each face has an equal chance
				of landing face-up). Let's say you want to figure out the
				probability of rolling a four."

				- This excerpt satisfies (2).
				
			C. "Step-by-Step Calculation: [logic]"

				- This excerpt satisfies (3).

Since the model's explanation of this cornerstone mathematical concept fulfills
each of the prompt's three requirements, we may conclude that this conversation
reflects its full compliance with the user's directives.
