SHIFT ID:			058
MODEL ID:			ACHILLES
PROJ. ID:			Compliance (Z-15579)
--------------------------------------------------

PROMPT #:			1114

[PROMPT]

You will be provided with data about different trends in video games. Use that data to answer questions the user asks. You may use outside information for background on the industry, general context, etc. but primarily focus on the dataset provided to answer questions if possible.

Data set 1:
Information on some of the most popular indie games of all time.
Game Name | Developer(s) | Platform(s) | Genre(s) | Release Date
Limbo | Playdead | PS4, PS3, Xbox One, Xbox 360, PS Vita, Switch, PC, Android, iOS | Platformer | 07/21/2010
Super Meat Boy | Team Meat | PS4, PS Vita, Xbox 360, Switch, Wii U, PC | Platformer | 10/20/2010
Unpacking | Witch Beam | Android, iOS, PC, PS4, PS5, Switch, Xbox One | Puzzle | 11/02/2021
Ori and the Blind Forest | Moon Studios | Xbox One, Switch, PC | Platformer, Adventure, Metroidvania | 03/11/2015
Hades | Supergiant Games | PS4, PS5, Xbox One, Xbox Series X, Xbox Series S, Switch, PC | Action RPG | 09/17/2020
Among Us | InnerSloth | PC, Switch, PS4, PS5, Xbox One, Xbox Series X, Xbox Series S | Party Game | 06/05/2018
Fez | Polytron Corporation | PC, PS3, PS4, PS Vita, Switch, Xbox 360, iOS | 04/13/2012
Shantae and the Seven Sirens | WayForward Technologies | Switch, Xbox One, PC, PS4 | Platformer | 05/01/2020
Five Nights at Freddy's | Scott Cawthon | Android, iOS, PC, PS4, Switch, Xbox One | Survival Horror | 08/08/2014
Cuphead | Studio MDHR Entertainment Inc. | PS4, Xbox One, Switch, PC | Platformer | 09/29/2017
The Binding of Isaac | Edmund McMillen, Florian Himsl | PC | Roguelike | 08/28/2011
Shovel Knight | Yacht Club Games | PS4, PS3, Xbox One, Switch, Wii U, 3DS, PC, PS Vita | Platformer | 06/26/2014
Terraria | Re-Logic | PC, PS3, PS4, PS5, Xbox 360, Xbox One, Xbox Series S, Xbox Series X, Switch, Vita, iOS, Android, macOS, Linux, 3DS, Stadia | Action, Adventure, Sandbox | 05/16/2011
Stardew Valley | ConcernedApe | PC, Xbox One, Android, iOS, PS4, Switch | RPG, Simulation | 02/26/2016
Celeste | Extremely OK Games | PS4, Xbox One, Switch, PC, Stadia | Platformer | 01/25/2018
Hollow Knight | Team Cherry | PC, Switch, PS4, Xbox One, macOS, Linux | Platformer, Action, Adventure, Metroidvania | 02/24/2017
Rocket League | Psyonix | PC, PS4, Xbox One, macOS, Linux, Switch | Sports | 07/07/2015
Undertale | Toby Fox | PS4, PS Vita, Xbox One, Switch, PC | RPG | 11/15/2015
Minecraft | Mojang | PS4, PS3, PS Vita, Xbox One, Xbox 360, Switch, 3DS, PC, Android, iOS, Wii U | Sandbox, Survival | 11/18/2011

User questions:
What consoles are the most popular consoles to release indie games on? Do you think that the choice in release console has much to do with the success of an indie game?
What genres are the most likely to be successful in an indie game? Are there any particular genres to focus on or avoid?
Are indie games getting more popular or less popular?
I don't see many repeat companies on this list, are most indie studios one-hit wonders? Or is this data just incomplete?

[MODEL]

Analysis of Indie Game Trends

Based on the provided data, here's an analysis of your questions about indie game trends:

1. Console Popularity for Indie Game Releases:

    Most Popular Consoles:
        PC: Appears in all 20 listed games, making it the most popular platform for indie releases.
        Switch: Features in 15 games, highlighting its strong appeal for indie developers.
        PS4: Present in 14 games, solidifying its position as a major console for indie titles.
        Xbox One: Included in 12 games, indicating a growing presence in the indie space.
    Influence of Console Choice on Success:
        Wider Reach: Choosing platforms with larger install bases, like PC and Switch, can increase an indie game's potential audience and sales.
        Target Audience: Matching the game's genre and style to the console's typical player base can be crucial for success.
        Marketing & Visibility: Platforms with strong indie support programs and featuring mechanisms can boost the discoverability of indie games.
        Development Costs: Porting to multiple platforms can be expensive; focusing on a few key platforms might be more feasible for smaller studios.

While console choice is a factor, it's not the sole determinant of an indie game's success. Quality, marketing, timing, and unique appeal all play significant roles.

2. Genre Trends in Successful Indie Games:

    Most Popular Genres:
        Platformer: 9 games (Limbo, Super Meat Boy, Ori and the Blind Forest, Celeste, Shovel Knight, Shantae, Cuphead, etc.)
        Action RPG: 2 games (Hades, Undertale)
        Puzzle: 2 games (Unpacking, Fez)
        Other Genres: Represented by 1 game each (Metroidvania, Survival Horror, Roguelike, Sandbox, Simulation, Party Game, Sports)
    Genre Focus or Avoidance:
        Popular Genres: Platformer and Action RPG genres appear more frequently in the list, suggesting a higher potential for success. However, the market for these genres is also more competitive.
        Niche Genres: While less common, success is still possible in other genres, especially if the game offers a unique experience or fills a gap in the market.
        Innovation: Regardless of the genre, innovative gameplay, compelling narratives, and polished execution are crucial for indie games to stand out.

3. Popularity Trend of Indie Games:

    Overall: The indie game scene has grown significantly over the years, with increasing support from platforms, media, and players.
    Data Limitations: The provided data only includes a small sample of popular indie titles and doesn't directly reflect the overall trend.
    External Sources: Industry reports and market research suggest that the indie game market is still expanding, with increasing revenues and a growing number of indie developers.

4. One-Hit Wonders vs. Incomplete Data:

    Repeat Developers: The list only includes one developer with multiple entries (WayForward Technologies, with Shantae and the Seven Sirens).
    Data Limitations: This data represents only a small fraction of successful indie games and developers. Numerous indie studios have multiple successful titles.
    Examples of Multi-Hit Studios: Supergiant Games (Hades, Bastion, Transistor), Playdead (Limbo, Inside), Klei Entertainment (Don't Starve, Mark of the Ninja), and many others have established themselves as consistent creators of quality indie games.

Conclusion

While the provided data offers insights into popular platforms, genres, and some successful indie titles, it's not comprehensive enough to draw definitive conclusions about the entire indie game market. However, with additional research and broader data sets, we can gain a more accurate understanding of trends and the evolving landscape of the indie game industry.


[ANNOTATION]

I have chosen to indicate that this response represents the model's complete fulfillment of the user's request because it addresses virtually all aspects of the prompt. Other annotators may have chosen to report that this response addresses "most but not all aspects" of the request due to the absence of any information regarding the genres that indie game developers should avoid, but an attentive evaluation of the specific language used in the prompt reveals that, to comply with the relevant directive, the model needed only to provide information about "genres to focus on" OR "[genres to] avoid." If both components of the "or" expression needed to be addressed in the response, the prompter should have penned two separate questions for the sake of clarity.



