SHIFT ID:		068
MODEL ID:		Achilles
PROJ. ID:		External Documents (K-17886)
════════════════════════════════════════════════════════════════
1. )	#395
Response A is much more eloquent than Response B. Also, in
Response A, the model references the user-provided context more
directly than it does in Response B. Otherwise, these responses
are quite similar.


2. )	#65
Response A fully delivers on the user's request. On the other
hand, Response B seems to cite information that has been
redacted from the user-provided document.


3. )	#52
	Here, both responses faithfully summarize the scope of
the article provided in the prompt, as the user requested. With
that said, it should also be acknowledged that Response B
provides a decidedly more robust synopsis, maintaining the same
(appropriate) level of verbosity as observed in Response A while
setting itself apart by highlighting the authors' specific focus
on "... addressing challenges and trade-offs in simultaneously
optimizing ... parameters."
