SHIFT ID:		#068
MODEL ID:		Achilles
PROJ. ID:		Factuality Evaluations (X-17448)
════════════════════════════════════════════════════════════════

1. )	#1385

[PROMPT]
Discuss about the social construction of gender


[RESPONSE]
Alright, let's delve into the social construction of gender. It's a theory that challenges the idea that gender is solely defined by biology (sex assigned at birth). Instead, it argues that gender is a social and cultural construct, shaped by the society and environment we live in.

Here's a breakdown of some key points:

    Sex vs. Gender: Sex is typically defined by biological features like chromosomes and anatomy. Gender, on the other hand, refers to the social and cultural roles, behaviors, and expectations associated with being male, female, or something else entirely.
    Socialization: We learn gender from a young age through a process called socialization. This includes messages we get from family, media, schools, and society at large about how to act and behave based on our perceived gender. Think pink for girls, blue for boys; girls play with dolls, boys with trucks.
    Gender Roles: These are the expected behaviors, attitudes, and activities associated with a particular gender. They can vary across cultures and throughout history. For example, the expectation for a man to be the breadwinner might be less rigid today than in the past.
    Gender Identity: This is a person's internal sense of being male, female, or something else. It can be the same or different from the sex assigned at birth.

The social construction of gender highlights a few important things:

    Gender is fluid: There's no single way to be a man or a woman. Gender expression (how you outwardly show your gender) can be different from your gender identity.
    Gender norms can be limiting: Rigid gender roles can restrict people from pursuing their interests and talents.
    Challenge the binary: The idea that there are only two genders, male and female, is being increasingly challenged. Many people identify as transgender or non-binary.

So, why is understanding the social construction of gender important? It helps us:

    Break free from stereotypes: By recognizing gender as a construct, we can challenge limiting expectations and embrace a wider range of expressions.
    Promote equality: Understanding how gender roles are created allows us to work towards a more equitable society where everyone has the same opportunities.
    Celebrate diversity: There's beauty in the vast spectrum of gender identities and expressions.

If you'd like to learn more about specific aspects of the social construction of gender, like the role of media or the experiences of transgender people, feel free to ask!Model Response:

Alright, let's delve into the social construction of gender. It's a theory that challenges the idea that gender is solely defined by biology (sex assigned at birth). Instead, it argues that gender is a social and cultural construct, shaped by the society and environment we live in.

Here's a breakdown of some key points:

    Sex vs. Gender: Sex is typically defined by biological features like chromosomes and anatomy. Gender, on the other hand, refers to the social and cultural roles, behaviors, and expectations associated with being male, female, or something else entirely.
    Socialization: We learn gender from a young age through a process called socialization. This includes messages we get from family, media, schools, and society at large about how to act and behave based on our perceived gender. Think pink for girls, blue for boys; girls play with dolls, boys with trucks.
    Gender Roles: These are the expected behaviors, attitudes, and activities associated with a particular gender. They can vary across cultures and throughout history. For example, the expectation for a man to be the breadwinner might be less rigid today than in the past.
    Gender Identity: This is a person's internal sense of being male, female, or something else. It can be the same or different from the sex assigned at birth.

The social construction of gender highlights a few important things:

    Gender is fluid: There's no single way to be a man or a woman. Gender expression (how you outwardly show your gender) can be different from your gender identity.
    Gender norms can be limiting: Rigid gender roles can restrict people from pursuing their interests and talents.
    Challenge the binary: The idea that there are only two genders, male and female, is being increasingly challenged. Many people identify as transgender or non-binary.

So, why is understanding the social construction of gender important? It helps us:

    Break free from stereotypes: By recognizing gender as a construct, we can challenge limiting expectations and embrace a wider range of expressions.
    Promote equality: Understanding how gender roles are created allows us to work towards a more equitable society where everyone has the same opportunities.
    Celebrate diversity: There's beauty in the vast spectrum of gender identities and expressions.

If you'd like to learn more about specific aspects of the social construction of gender, like the role of media or the experiences of transgender people, feel free to ask!

[TARGET SPAN]
"• Gender is fluid:"

[ANNOTATION]
- Claim #1: Gender is fluid
	- Evaluation: ACCURATE


2. )	#4914

[PROMPT]
"how can government policies regulations and laws influence the use of kush in Sierra Leone"

[TARGET]
"• Social policies:"


3. )	#3582

[PROMPT]
For males, the expected pulse rate is 70 per second and the
standard deviation is 10 per second. For women, the expected
pulse rate is 77 per second and the standard deviation is 12 per
second. Let  be the sample average pulse rate for a random
sample of 40 men and let  be the sample average pulse rate for a
random sample of 36 women.

(a) What are the parameter values of the approximate normal distribution of ?

[MODEL]
Distribution of Sample Mean for Men (**)

We know:

    Population mean for men (μ_m) = 70 beats per second
    Population standard deviation for men (σ_m) = 10 beats per second
    Sample size for men (n_m) = 40

We want to find the parameters of the approximate normal distribution of the sample mean for men ().**

By the Central Limit Theorem (CLT), when the sample size is sufficiently large (which is generally considered n ≥ 30), the sampling distribution of the mean (**) is approximately normal with a mean and standard deviation given by:

    Mean of sampling distribution (μ_** ) = μ_m (population mean for men) = 70 beats per second
    Standard deviation of sampling distribution (σ_** ) = σ_m / sqrt(n_m)

Calculation:

σ_** = σ_m / sqrt(n_m) = 10 beats per second / sqrt(40) ≈ 1.58 beats per second

Therefore, the approximate normal distribution of the sample mean for men () has a mean (μ_ ) of 70 beats per second and a standard deviation (σ_** ) of approximately 1.58 beats per second.

[TARGET SPAN]
σ_** = σ_m / sqrt(n_m) = 10 beats per second / sqrt(40) ≈ 1.58 beats per second

[ANNOTATION]

