# 070.log

```plaintext
SHIFT ID:	070
MODEL ID:	Achilles
PROJ. ID:	Factuality (K-18781)
```

#### Prompt #141

> ### Prompt

> *Give me some ideas for how to combine these writing prompts into one story.*

- > An argument at Sunday dinner
- > You’re in the interview stage of the Miss America pageant. Besides your desire for world peace, what will you tell the judges?
- > What do you own that will be obsolete in twenty years? What will replace it?
- > A conversation you regret never having
- > Through a freak illness, you lose one of your senses. Which sense is it, what happens to you, and how do you deal with it?

---

### Response A

Okay, here are some ideas for how to combine these writing prompts into one story.
Story Idea 1: **Imagine you'r**e in the interview stage of the Miss America pageant. Besides your desire for world peace, you tell the judges about a conversation you regret never having. This conversation was with your grandmother, who passed away before you could tell her how much you loved her. You explain that this experience taught you the importance of living life to the fullest and never taking loved ones for granted.
Story Idea 2:
Start with an argument at Su**nday dinner t**hat escalates into a heated discussion about current events. One of the people at the dinner table mentions their desire for world peace, and this sparks a conversation about what individuals can do to make the world a better place. The conversation takes a turn when someone asks, "What do you own that will be obsolete in 20 years?" This question leads to a thought-provoking discussion about the rapid pace of technological change and the impact it has on our lives.
Story Idea 3:
Begin with a scene where the main character is in the ho**spital, suffe**ring from a freak illness that has caused them to lose one of their senses. As they struggle to adjust to their new reality, they reflect on a conversation they regret never having with a loved one who has passed away. This reflection leads them to a newfound appreciation for life and a desire to make a positive impact on the world. They decide to dedicate their life to promoting world peace and understanding.
Let me know if you want me to elaborate on any of these ideas.

---

### Response B

Okay, I can certainly do that. So, the first prompt is "an argument at Sunday dinner" and the second prompt is "you're in the interview stage of the Miss America pageant. Besides your desire for world peace, what will you tell the judges?"

Here's an idea. You could write a story about a young woman who is competing in the Miss America pageant. During the interview portion, she is asked about her desire for world peace. She responds by telling the judges about a recent argument she had with her family at Sunday dinner. The argument was about a controversial topic, and it made her realize how important it is to be able to have respectful conversations with people who have different opinions.

How does that sound?

---

> ### Annotation

> Neither Response A nor Response B attempt to convey any factual information, so I am unable to evaluate them for accuracy. Overall, though **Response A is better** (but not *much* better) **than Response B:** The prompt specifically commands the model to “give [them] some ::idea**s**:: for how to combine these writing prompts into one story.” Response A provides three story ideas, while Response B provides only one, rendering the former superior to the latter. Still, neither response is particularly creative.

#### Prompt #223

> ### Prompt

> *I need to replace this part on my shower. With this. But I can't figure out how to take this off. I've tried unscrewing that screw and taking this bit off, but it still doesn't mean that I can actually take it off. So what do I need to do next? Can you tell me what tools I'll need as well please? Thank you.*

---

### Response A

Alright, it sounds like you're trying to replace the shower arm holder. To remove the old holder, first, try tightening the screw instead of loosening it. Some holders have screws that tighten in the opposite direction. If that doesn't work, you might need to use a wrench to loosen the nut behind the holder. For tools, you'll need a Phillips head screwdriver and possibly an adjustable wrench.

---

### Response B

Okay, so you're trying to remove a shower head holder. And you've already unscrewed the visible screw. Now, there are a couple of possibilities here.

Firstly, there might be a hidden grub screw or set screw that's preventing the holder from sliding off the rail. So, look closely for any small Allen key or hex screw openings, usually on the underside or side of the holder. If you find one, you'll need the appropriate Allen key or hex wrench to loosen it.

Secondly, the holder might simply be stuck due to limescale buildup or corrosion. In this case, you can try applying some penetrating oil or a limescale remover around the joint between the holder and the rail. Let it sit for a while to loosen things up, then try gently twisting and pulling the holder to see if it comes free.

As for tools, you'll likely need a set of Allen keys or hex wrenches, penetrating oil or limescale remover, and possibly a pair of pliers for grip if the holder is really stuck.

Let me know if you find any hidden screws or if the holder is still stuck after trying the penetrating oil. We can go from there.

---

#### Prompt #068

> ### Prompt

> *I'm supposed to be identifying the biomes on this map. I think I've got most of them, but I'm really not sure what numbers 3, 6 and 7 are. This is a list of the possibilities.*

---

> ### Annotation

> The model fails to deliver on the user's request in both cases: Instead of consulting the user-provided video context, the model merely reiterates what the user has already said. Still, Response B is slightly better because, in it, the chatbot does not prompt the user to do its work for it, as it appears to do in Response A.

#### Prompt #157

### Prompt

*I'm supposed to be identifying the biomes on this map. I think I've got most of them, but I'm really not sure what numbers 3, 6 and 7 are. This is a list of the possibilities.*

---

### Response A

The dominant seventh chord you played is in the key of G major.

---

### Annotation

My rationale here is rather straightforward: Response A is entirely incorrect, and Response B is entirely correct. That is to say, the dominant seventh chord played in the video is *not* in the key of G major, as suggested in Response A. On the contrary, as asserted in Response B, the G dominant seventh chord *is* in the key of C major.

---

#### Sources

- > [Dominant (music)](https://en.wikipedia.org/wiki/Dominant_(music))
- > [Dominant seventh chord](https://en.wikipedia.org/wiki/Dominant_seventh_chord)


