# 072.log

```plaintext
SHIFT ID:	072
MODEL ID:	Antimony
PROJ. ID:	Factuality Evaluations (ID: A-18772)
```

#### Prompt #1628

## CONTEXT

> ### Prompt

> Make it longer, 3-4 paragraphs

---

### Model Response

Our analysis of the Good Conduct Time Allowance (GCTA) program in the Philippines hinges on the Risk-Needs-Responsivity (RNR) Model, a dominant framework developed by Andrews and Bonta (1990) for guiding effective correctional interventions and rehabilitation programs. This model represents a significant shift from purely punitive approaches to incarceration. It emphasizes the importance of addressing the root causes of criminal behavior and fostering positive change in offenders, ultimately aiming to reduce recidivism rates.

The RNR Model posits that successful rehabilitation is contingent on three key principles. The first principle, risk, focuses on assessing an offender's likelihood of re-offending upon release. This assessment is typically conducted through a combination of factors such as criminal history, risk assessment tools, and psychological evaluations. Understanding the level of risk an offender poses allows authorities to tailor interventions and resource allocation accordingly. Higher-risk offenders may require more intensive supervision and participation in comprehensive rehabilitation programs that address their specific criminogenic needs. These needs, the second principle of the RNR Model, encompass cognitive (thinking patterns), behavioral (habits), social (lack of support networks), and substance abuse issues that contribute to criminal activity. By pinpointing these needs, interventions can be designed to address them directly. For example, an offender with anger management problems might benefit from cognitive-behavioral therapy to develop healthy coping mechanisms.

The final principle, responsivity, acknowledges that a one-size-fits-all approach to rehabilitation is unlikely to be effective. Offenders respond differently to interventions based on their individual learning styles, motivations, and abilities. The RNR model emphasizes the importance of delivering interventions in a way that caters to these individual characteristics. This might involve using different program formats (individual vs. group therapy), tailoring communication styles to resonate with the offender, or adjusting the intensity and duration of the program to match the offender's needs. The RNR Model's focus on evidence-based practices and achieving positive outcomes like reduced recidivism makes it a valuable lens through which to analyze the effectiveness of GCTA programs in the Philippines. While GCTA incentivizes positive behavior, the RNR Model highlights the need for a more comprehensive approach that goes beyond simply rewarding good conduct. By incorporating the RNR principles into the design and implementation of GCTA programs, Philippine authorities can potentially enhance their effectiveness in promoting long-term positive change and reducing recidivism rates. This paper will explore how the RNR Model can inform the implementation of GCTA programs in Lapu-Lapu City, particularly regarding the need for clear risk assessment procedures and robust rehabilitation programs to ensure public safety and successful reintegration.

---

### Span to Evaluate

> **This might involve using different program formats (individual vs. group therapy), tailoring communication styles to resonate with the offender, or adjusting the intensity and duration of the program to match the offender's needs.**

---

### Annotation

#### Claims

1. Delivering rehabilitative interventions in a way that caters to individuals’ learning styles, motivations, and abilities might involve using different program formats (individual vs. group therapy).
   - > **Internal or external?**
      - > External
   - > **Supporting web resource(s)**
      - > [Forum on Corrections Research](https://www.researchgate.net/profile/James-Bonta-3/publication/285503766_The_responsivity_principle_and_offender_rehabilitation/links/5b97063992851c78c416e5da/The-responsivity-principle-and-offender-rehabilitation.pdf), 1995
   - > **Search query**: `risk needs responsivity + “group therapy”`
   - > **Supporting excerpt(s)**
      - > “For example, a shy and highly anxious person may not benefit from group therapy, where each person must perform in front of others. On the other hand, this approach may be an excellent vehicle for change in an extroverted, relaxed individual.”

---

2. Delivering rehabilitative interventions in a way that caters to individuals’ learning styles, motivations, and abilities might involve tailoring communication styles to resonate with a given offender.
   - > **Internal or external?**
      - > External
   - > **Supporting web resource(s)**
      - > [Risk-Needs-Responsivity: Turning Principles into Practice for Tribal Probation Personnel](http://www.appa-net.org/eweb/docs/appa/pubs/rnrtpptpp.pdf), 1995
   - > **Search query**: `risk needs responsivity + “communication styles”`
   - > **Supporting excerpt(s)**
      - > “Where possible, try to match personality and communication styles. For example, someone that is timid may not do well if matched with an officer who has an assertive supervision style.”

---

3. Delivering rehabilitative interventions in a way that caters to individuals’ learning styles, motivations, and abilities might involve adjusting the intensity of the program to match a given offender’s needs.
   - > **Internal or external?**
      - > External
   - > **Supporting web resource(s)**
      - > [Risk-need-responsivity model for offender assessment and rehabilitation](https://www.publicsafety.gc.ca/cnt/rsrcs/pblctns/rsk-nd-rspnsvty/rsk-nd-rspnsvty-eng.pdf), 2007
   - > **Search query**: `risk needs responsivity + "intensity”`
   - > **Supporting excerpt(s)**
      - > “Inappropriate matching of treatment intensity with offender risk level can lead to wasted treatment resources and in some situations actually make matters worse.”

---

4. Delivering rehabilitative interventions in a way that caters to individuals’ learning styles, motivations, and abilities might involve adjusting the duration of the program to match a given offender’s needs.
   - > **Internal or external?**
      - > External
   - > **Supporting web resource(s)**
      - > [Assessing the reliability and validity of the Risk-Need-Responsivity (RNR) program tool](https://doi.org/10.1186%2Fs40352-022-00182-w), 2022
   - > **Search query**: `risk needs responsivity + ("length of time" OR "length of program" OR "program length" OR "program duration" OR "duration of program”)`
   - > **Supporting excerpt(s)**
      - > “…[R]esponsivity focuses on matching treatment type, intensity, and duration based on the risk and needs information.”

#### Prompt #3196

## CONTEXT

> ### Prompt

> Essay on the myth of Plato's cave

---

### Model Response

> ## Plato's Cave: A Journey from Illusion to Knowledge

> Plato's allegory of the cave, found in his Republic, is a foundational concept in Western philosophy. It's a story about prisoners chained in a cave since birth, who mistake flickering shadows cast on the wall for reality. One prisoner escapes and ventures into the outside world, experiencing the true nature of things. When he returns to tell the others, they scoff and refuse to believe him.

> The allegory can be interpreted in many ways, but here are some of its central themes:

- > **The nature of reality**: The cave represents the limited world we perceive through our senses. True reality, according to Plato, lies outside the cave, in the world of Forms or ideas.
- > **The role of education**: The escape from the cave symbolizes the philosophical pursuit of knowledge. Education, for Plato, is the process of guiding people from the shadows to the light of understanding.
- > **The difficulty of truth**: The allegory suggests that truth can be challenging to accept, especially when it contradicts our established beliefs.

> The allegory remains relevant today. We are constantly bombarded with information, and it can be difficult to discern truth from illusion. The myth of the cave encourages us to be critical thinkers, to question what we see and hear, and to seek out a deeper understanding of the world around us.

> Here are some additional points you might consider exploring in your essay:

- > How does Plato's concept of the Forms relate to the allegory?
- > What are the limitations of sensory experience?
- > What is the role of the philosopher in society according to Plato?
- > How can the allegory be applied to contemporary issues like social media or fake news?

> By examining these themes, you can develop a deeper understanding of Plato's allegory and its enduring significance.

---

### Span to Evaluate

- > **How can the allegory be applied to contemporary issues like social media or fake news?**

---

### Annotation

This span does not contain any claims.

#### Prompt #1499

## CONTEXT

> ### Prompt

> which backend and frontend technology is used by stackoverflow ?

---

### Model Response

> Stack Overflow utilizes a combination of technologies for both its front-end and back-end:

> **Backend:**

- > **Primary:** C# with the .NET framework [3]
- > **Alternatives:** Java, Python, and Ruby are also commonly used for backend development and could potentially be part of Stack Overflow's architecture [3]

> **Frontend:**

- > **Core Languages:** HTML, CSS, and JavaScript [5]

> **Additional Notes:**

- > While the specific details are not publicly available, Stack Overflow likely leverages a number of frameworks and libraries to enhance both their front-end and back-end development.
- > The exact technology stack used by Stack Overflow can evolve over time.

---

### Span to Evaluate

- > ****Alternatives:***

---

### Annotation

#### Claim

> Some alternatives that Stack Overflow could potentially use for backend development include Java, Python, and Ruby.

#### Additional Comments

In the full response, the text that follows the antecedent shown in this span posits that Java, Python, and Ruby "...could potentially be part of Stack Overflow's architecture." Here, the operative word is "potentially," because Stack Overflow could, indeed, *potentially* use Java, Python, and/or Ruby for their backend development.

#### Prompt #4563

## CONTEXT

> ### Prompt

> is the following good?

> Now the introduction of Fock space and the mathematical basis for the project has been ex-

> plored, we now take an in-depth look at constructing a mathematical interferometer.

> This

> involves introducing the beam splitter, understanding how the states of light act upon being

> split, and then further applying it to an interferometer. Significantly the interferometer requires

> an introduction of phase which is the key variable that needs to be measured in an interferom-

> etry experiment.

> The final section defines the coherent state and puts the state through the

> interferometer in order to calculate a formula for uncertainty on phase measurement.

---

### Model Response

> The text you provided is a good start, but it can be improved for clarity and flow. Here's a revised version:

> **With the foundation of Fock space and its mathematical underpinnings established, we can now delve into the construction of a mathematical interferometer. This journey involves three key steps: first, introducing the beam splitter and its interaction with light states; second, applying this concept to understand the behavior of light within an interferometer; and finally, incorporating the crucial variable of phase, which is the primary target of measurement in interferometry experiments.**

> **The final section will introduce the concept of coherent states and explore their behavior within the interferometer. This analysis will culminate in a formula that quantifies the uncertainty associated with phase measurement.**

> Here's a breakdown of the improvements:

- > **Stronger opening:** "Delve into the construction" sounds more engaging than "take an in-depth look at."
- > **Clearer breakdown:** The three key steps are explicitly outlined for better organization.
- > **Improved flow:** Sentences are restructured to enhance the logical flow between steps.
- > **Replaced jargon:** "Act upon being split" is replaced with "interaction with light states" for better clarity.
- > **Suspense:** The mention of a formula for uncertainty builds anticipation towards the final section.

> This revised version provides a clearer and more engaging introduction to the construction of a mathematical interferometer.

---

### Span to Evaluate

- > **Suspense:** The mention of a formula for uncertainty builds anticipation towards the final section.

---

### Annotation

#### Claim

> In the rewritten introduction to interferometry, the mention of a formula for uncertainty builds anticipation toward the final section.

#### Additional Comments

In the full response, the text that follows the antecedent shown in this span posits that Java, Python, and Ruby "...could potentially be part of Stack Overflow's architecture." Here, the operative word is "potentially," because Stack Overflow could, indeed, *potentially* use Java, Python, and/or Ruby for their backend development.


