# 073.log

```plaintext
SHIFT ID:	073
MODEL ID:	Antimony
PROJ. ID:	Factuality Evaluations (ID: A-18772)
```

#### Prompt #482

## CONTEXT

> ### Prompt

> im designing a ppt for employee engagement plan for the next one year. please sugesst some employee engament programs which we can do. we are a start up oganisation with an employee strength of 6 people

---

### Model Response

Sure, here is a sample PPT outline for an employee engagement plan for a startup organization with six employees, including speaker notes for each slide:

## Slide 1

**Title: Employee Engagement: Powering Our Startup Success**

[Imagen of A group of diverse and engaged employees sitting around a conference table, brainstorming ideas and collaborating on a project. They are all smiling and focused, and some are taking notes on laptops or whiteboards]

*Speaker Notes*

In today's competitive business landscape, employee engagement is a key differentiator. Engaged employees are more productive, innovative, and satisfied, leading to a thriving startup culture. This presentation outlines our employee engagement plan for the next year, designed to foster a collaborative, motivating, and rewarding work environment for our amazing team of 6!

## Slide 2

**Title: Why Employee Engagement Matters**

[Imagen of Line graph showing positive correlation between employee engagement and company performance metrics such as revenue, customer satisfaction, and employee retention]

- Boosts productivity and innovation
- Improves customer satisfaction
- Enhances employee retention
- Strengthens company culture

*Speaker Notes*

Employee engagement is a win-win situation. When employees feel valued, connected, and motivated, they go above and beyond. This translates to increased productivity, a constant flow of creative ideas, and a better experience for our customers. Engaged employees are also more likely to stay with the company, reducing costly turnover and fostering a stable, experienced team.

## Slide 3

**Our Core Values**

[Imagen of A collage of images representing the core values of a company, such as teamwork, innovation, communication, and integrity. The images could include people working together, light bulbs symbolizing ideas, speech bubbles for communication, and a handshake for integrity]

- List your company's core values (e.g., Collaboration, Innovation, Integrity, Excellence)

*Speaker Notes*

Our core values are the foundation of our company culture and guide our everyday interactions. By integrating these values into our employee engagement initiatives, we create a workplace that feels meaningful and aligned with our team member's goals.

## Slide 4

**Engaging Our Team: A Multi-Faceted Approach**

[Imagen of A colorful pie chart divided into six slices representing different employee engagement strategies, such as professional development, social events, recognition programs, team building activities, wellness initiatives, and open communication]

- Professional Development Opportunities
- Social Events & Team Building
- Recognition & Rewards Programs
- Open Communication & Feedback
- Health & Wellness Initiatives

*Speaker Notes*

Our employee engagement plan incorporates a variety of initiatives to cater to different preferences and address various aspects of well-being. We'll provide professional development opportunities to help our team members grow their skills, organize social events and team-building activities to foster connections, and implement recognition and reward programs to acknowledge outstanding contributions. Open communication and feedback are crucial, and we'll establish channels for regular check-ins and idea sharing. Finally, health and wellness initiatives promote a healthy work-life balance and a positive work environment.

## Slide 5

**Professional Development**

[Imagen of A diverse group of employees sitting in a circle, attending a professional development workshop. The facilitator is standing at the front of the room, leading a presentation]

- Tuition reimbursement or skill-building program stipends
- Conference attendance or online courses
- Lunch & Learns with internal or external experts

*Speaker Notes*

We invest in our team's professional growth by offering financial support for continuing education, conference attendance, or online courses relevant to their roles and career aspirations. Lunch & Learns provide bite-sized learning opportunities with internal or external experts, fostering knowledge sharing and staying current on industry trends.

## Slide 6

**Social Events & Team Building**

- Team outings (e.g., sporting events, escape rooms, volunteering)
- Casual social gatherings (e.g., happy hours, game nights, potlucks)
- Celebrating birthdays and milestones

*Speaker Notes*

Building strong team bonds is essential for a positive and collaborative work environment. We'll organize team outings that cater to diverse interests, from sporting events or escape rooms to volunteering activities that give back to the community. Casual social gatherings like happy hours, game nights, or potlucks provide informal spaces for connecting outside of work. Celebrating birthdays and work anniversaries shows appreciation for our team members and their contributions.

## Slide 7

**Recognition & Rewards**

- Spot bonuses for outstanding performance
- Employee of the month recognition program
- Peer-to-peer recognition platform
- Personalized rewards based on

---

### Span to Evaluate

> **[Imagen of Line graph showing positive correlation between employee engagement and company performance metrics such as revenue, customer satisfaction, and employee retention]**

---

### Annotation

This span does not contain any claims.

#### Prompt #783

## CONTEXT

> ### Prompt

> which of the following 1.0 M aqueas solutions would experience the highest % ionization:

> HClO

> HClO2

> HBrO

> HBrO2

---

### Model Response

Here's how to determine which acid will have the highest percent ionization:

**Understanding Percent Ionization**

- Percent ionization is the percentage of acid molecules that actually donate a proton (H+) to water and ionize.
- Strong acids ionize nearly 100%.
- Weak acids ionize only partially.

**Factors Affecting Acid Strength:**

1. **Electronegativity:** For acids with the same structure, higher electronegativity of the central atom means greater acidity.
2. **Number of Oxygen Atoms:** For oxyacids (acids containing oxygen), a larger number of oxygen atoms bonded to the central atom increases acid strength.

**Analysis:**

- **HBrO** and **HBrO2** are stronger than **HClO** and **HClO2** respectively, as bromine is more electronegative than chlorine. This means they'll have a higher (although not necessarily 100%) percent ionization.
- **HClO2** is stronger than **HClO** due to having more oxygen atoms.

**Conclusion:**

**HClO2 will have the highest percent ionization of the listed acids.** It's a weak acid, so it won't ionize completely, but it will ionize more than the others.

**Important Note:** Even strong acids may not ionize fully at higher concentrations. This analysis assumes dilute solutions where ionization is most straightforward to compare.

---

### Span to Evaluate

- > **Weak acids ionize only partially.**

---

### Annotation

#### This claim is **accurate.**

*Confirmatory web resources*

   1. “[Acid strength](https://en.wikipedia.org/wiki/Acid_strength#Weak_acids),” Wikipedia, accessed [Sat, May 11](day://2024.05.11)
      - “A weak acid is only partially dissociated, with both the undissociated acid and its dissociation products being present, in solution, in equilibrium with each other.”
      - Search query: `”weak acid”`
   1. “[Weak acid-base equilibria](https://www.khanacademy.org/science/chemistry/acids-and-bases-topic/copy-of-acid-base-equilibria/a/weak-acid-base-equilibria),” Khan Academy, accessed [Sat, May 11](day://2024.05.11)
      - “Strong acids and strong bases refer to species that completely dissociate to form ions in solution. By contrast, *weak* acids and bases ionize only partially, and the ionization reaction is reversible.”
      - Search query: `“weak acid”`
   1. “[14.7: Strong and Weak Acids and Bases](https://chem.libretexts.org/Bookshelves/Introductory_Chemistry/Introductory_Chemistry/14%3A_Acids_and_Bases/14.07%3A_Strong_and_Weak_Acids_and_Bases),” LibreTexts Chemistry, accessed [Sat, May 11](day://2024.05.11)
      - “Any acid that dissociates 100% into ions is called a strong acid. If it does not dissociate 100%, it is a weak acid.”
      - Search query: `“what’s the difference between a weak and strong acid or base?”`

#### Prompt #3465

## CONTEXT

> ### Prompt

> How long is BC?      A. 11. 85 units B. 12. 75 units C. 13 units D. 26 units

---

### Model Response

> I can't tell you the exact value of BC without more information.

> We can use the cosine law to solve for the missing side of a triangle, but we need to know the lengths of the other two sides and the measure of one of the angles.

> Do you have that information?

---

### Span to Evaluate

> **Do you have that information?**

---

### Annotation

This span contains no claims.

#### Prompt #195

## CONTEXT

> ### Prompt

> come up with a script for a first lesson (youtube video) on MIPS in MARS simulator

---

### Model Response

> ## MIPS in MARS Simulator: Your First Steps (YouTube Video Script)

> **Intro**

> Hey everyone, and welcome to your first lesson on MIPS Assembly Language programming with the MARS simulator! MIPS (Microprocessor Without Interlocked Pipeline Stages) is a popular instruction set architecture used in many processors, and MARS provides a fantastic platform to learn and practice writing MIPS code.

> **What is MARS?**

> MARS (MIPS Assembly Language for Runtime Simulation) is a free, user-friendly simulator specifically designed for MIPS Assembly. It acts as a one-stop shop, allowing you to write, assemble, simulate, and debug your MIPS programs. We'll be using MARS throughout this series to bring your code to life.

> **Getting Started with MARS**

> Head over to [Download MARS MIPS simulator] and download the latest version for your operating system. Installation is straightforward, so follow the on-screen instructions. Once you're done, launch MARS, and you'll see a clean interface with four main sections:

1. > **Editor:** This is where you'll write your MIPS code.
2. > **Disassembly Pane:** This pane shows the disassembled version of your code, which is a low-level representation of the instructions the processor understands.
3. > **Data Pane:** Here, you can define and view data used by your program, like variables and memory addresses.
4. > **Control Pane:** This section lets you control the execution of your program. You can run it step-by-step, set breakpoints, and single-step through your code for debugging.

> **Writing Your First MIPS Program**

> Let's write a simple program to print "Hello, World!" on the screen. In the editor, type:

```python
.data
message: .asciiz "Hello, World!"  ; String to print

.text
main:  
	la $a0, message        ; Load address of message into $a0  
	li $v0, 4              ; System call for printing strings (v0)  
	                 ; Execute system call

	li $v0, 1              ; System call for exiting (v0)  
	syscall                 ; Exit program
```

> This program defines a string "Hello, World!" in the data section. The main function loads the address of the string into register $a0 and then uses system calls (special instructions) to print the string and exit the program.

> **Assembling and Running**

> Now, click the "Assemble" button in the Control Pane. This translates your code into machine code the processor understands. If there are any errors, MARS will highlight them for you.

> Once assembled, click "Run." MARS will execute your program step-by-step. You can observe the registers changing values in the Data Pane and see the disassembled instructions being processed. In the end, you should see "Hello, World!" printed on the console window below.

> **Conclusion**

> Congratulations! You've just written, assembled, and run your first MIPS program in MARS. This is just the beginning of your MIPS adventure. In the next lessons, we'll delve deeper into MIPS instructions, explore different data types, and tackle more complex programming tasks.

> **Challenge**

> Try modifying the code to print a different message or even your name! Remember to experiment and explore within the MARS environment.

> **Outro**

> Thanks for joining this first lesson on MIPS Assembly with MARS. If you have any questions, leave them in the comments below, and don't forget to like and subscribe for more MIPS tutorials!

---

### Span to Evaluate

- > **In the next lessons, we'll delve deeper into MIPS instructions, explore different data types, and tackle more complex programming tasks.**

---

### Annotation

#### This span contains no claims.

#### Prompt #4616

## CONTEXT

> ### Prompt

> What about social and cultural environment

---

### Model Response

> ## MIPS in MARS Simulator: Your First Steps (YouTube Video Script)

> **Intro**

> Hey everyone, and welcome to your first lesson on MIPS Assembly Language programming with the MARS simulator! MIPS (Microprocessor Without Interlocked Pipeline Stages) is a popular instruction set architecture used in many processors, and MARS provides a fantastic platform to learn and practice writing MIPS code.

> **What is MARS?**

> MARS (MIPS Assembly Language for Runtime Simulation) is a free, user-friendly simulator specifically designed for MIPS Assembly. It acts as a one-stop shop, allowing you to write, assemble, simulate, and debug your MIPS programs. We'll be using MARS throughout this series to bring your code to life.

> **Getting Started with MARS**

> Head over to [Download MARS MIPS simulator] and download the latest version for your operating system. Installation is straightforward, so follow the on-screen instructions. Once you're done, launch MARS, and you'll see a clean interface with four main sections:

1. > **Editor:** This is where you'll write your MIPS code.
2. > **Disassembly Pane:** This pane shows the disassembled version of your code, which is a low-level representation of the instructions the processor understands.
3. > **Data Pane:** Here, you can define and view data used by your program, like variables and memory addresses.
4. > **Control Pane:** This section lets you control the execution of your program. You can run it step-by-step, set breakpoints, and single-step through your code for debugging.

> **Writing Your First MIPS Program**

> Let's write a simple program to print "Hello, World!" on the screen. In the editor, type:

```python
.data
message: .asciiz "Hello, World!"  ; String to print

.text
main:  
	la $a0, message        ; Load address of message into $a0  
	li $v0, 4              ; System call for printing strings (v0)  
	                 ; Execute system call

	li $v0, 1              ; System call for exiting (v0)  
	syscall                 ; Exit program
```

> This program defines a string "Hello, World!" in the data section. The main function loads the address of the string into register $a0 and then uses system calls (special instructions) to print the string and exit the program.

> **Assembling and Running**

> Now, click the "Assemble" button in the Control Pane. This translates your code into machine code the processor understands. If there are any errors, MARS will highlight them for you.

> Once assembled, click "Run." MARS will execute your program step-by-step. You can observe the registers changing values in the Data Pane and see the disassembled instructions being processed. In the end, you should see "Hello, World!" printed on the console window below.

> **Conclusion**

> Congratulations! You've just written, assembled, and run your first MIPS program in MARS. This is just the beginning of your MIPS adventure. In the next lessons, we'll delve deeper into MIPS instructions, explore different data types, and tackle more complex programming tasks.

> **Challenge**

> Try modifying the code to print a different message or even your name! Remember to experiment and explore within the MARS environment.

> **Outro**

> Thanks for joining this first lesson on MIPS Assembly with MARS. If you have any questions, leave them in the comments below, and don't forget to like and subscribe for more MIPS tutorials!

---

### Span to Evaluate

- > **Values and Beliefs: *Culture shapes our values, beliefs, and how we see the world.***

---

### Annotation

1. #### Culture shapes our values.
   - This claim is **accurate**.

      *Confirmatory web resources*

      1. > “[Does Culture Influence What and How We Think? Effects of Priming Individualism and Collectivism](https://doi.org/10.1037/0033-2909.134.2.311),” University of Michigan, Department of Psychology. Accessed [Sat, May 11](day://2024.05.11).
         - > “Taken together, the studies that included comparison to control suggest that both individualism and collectivism can be primed, that the impact on the content of self-concept, relationality, and values has been better documented for individualism than collectivism, but that the impact on cognitive processes is close to moderate in size whether individualism or collectivism has been primed.”
         - > Search query: `culture influences values`
      1. > “[Culture, Values, and Beliefs](https://courses.lumenlearning.com/wm-introductiontosociology/chapter/values-and-beliefs/),” Lumen Learning. Accessed [Sat, May 11](day://2024.05.11).
         - > “**Values** are a culture’s standard for discerning what is good and just in society. Values are deeply embedded and critical for transmitting and teaching a culture’s beliefs. **Beliefs** are the tenets or convictions that people hold to be true. Individuals in a society have specific beliefs, but they also share collective values.”
         - > Search query: `culture influences values`
1. #### Culture shapes our beliefs.
   - This claim is **accurate**.

      *Confirmatory web resources*

      1. > “[Cultural Perception | Definition, Influences & Examples](https://study.com/academy/lesson/cultural-perception-definition-examples.html),” Study.com, 2023. Accessed [Sat, May 11](day://2024.05.11).
         - > “Cultural differences influences perception by creating lived experiences that teach certain beliefs, values, behaviors, and communication styles.”
         - > Search query: `culture influences individuals' beliefs`
      1. > “[Culture, Values, and Beliefs](https://courses.lumenlearning.com/wm-introductiontosociology/chapter/values-and-beliefs/),” Lumen Learning. Accessed [Sat, May 11](day://2024.05.11).
         - > “**Values** are a culture’s standard for discerning what is good and just in society. Values are deeply embedded and critical for transmitting and teaching a culture’s beliefs. **Beliefs** are the tenets or convictions that people hold to be true. Individuals in a society have specific beliefs, but they also share collective values.”
         - > Search query: `culture influences values`
1. #### Culture shapes how we see the world.
   - This claim is **accurate**.
      1. > “[Cultural Perception | Definition, Influences & Examples](https://study.com/academy/lesson/cultural-perception-definition-examples.html),” Study.com, 2023. Accessed [Sat, May 11](day://2024.05.11).
         - > “[Cultural] differences influence the way that people view the world around them.”
         - > Search query: `culture influences individuals’ beliefs`
      1. > “[Culture’s Influence on Perception](https://psych-neuro.com/2016/02/17/cultures-influence-on-perception/),” On Psychology and Neuroscience, 2016. Accessed [Sat, May 11](day://2024.05.11).
         - > “Culture is all around us, shaping our brain and behavior. Consequently, people from various cultures will process the world differently.”
         - > Search query: `culture shapes how we see the world`

#### Prompt #1630

## CONTEXT

> ### Prompt

> Is Bank have any permission for not releasing document of guarrantee person

---

### Model Response

In general, a bank cannot withhold the documents of a guarantor indefinitely once the loan is fully repaid and all obligations are met. However, there are a few reasons why a bank might delay releasing the documents:

- **Outstanding Debts:** If the borrower (the person who took out the loan) has any outstanding debts with the bank, they may hold onto the guarantor's documents until those debts are settled.
- **Legal Concerns:** If there is a legal dispute or investigation related to the loan, the bank may need to retain the documents as evidence.

**It's important to note that specific laws and regulations regarding this can vary depending on your location.**

Here's what you can do:

- **Review the Loan Agreement:** The loan agreement should outline the conditions for releasing the guarantor's documents.
- **Contact the Bank:** Speak to the loan officer or branch manager to understand why the documents are being withheld and what steps need to be taken to get them released.
- **Seek Legal Advice:** If you believe the bank is unfairly withholding the documents, consulting a lawyer can help you understand your rights and options.

For a more definitive answer, it's recommended to search for banking regulations in your area or speak to a lawyer who specializes in banking law.

---

### Span to Evaluate

> **For a more definitive answer, it's recommended to search for banking regulations in your area or speak to a lawyer who specializes in banking law.**

---

### Annotation

This span is a generic disclaimer.

